22:09:26.964 debug: 2026/1/20 22:09:26
22:09:26.964 debug: Project: D:\tangjianhua\cocos games\JareAdventure_
22:09:26.964 debug: Targets: editor,preview
22:09:26.968 debug: Incremental file seems great.
22:09:26.970 debug: Engine path: C:\ProgramData\cocos\editors\Creator\3.8.6\resources\resources\3d\engine
22:09:26.982 debug: Initializing target [Editor]
22:09:26.982 debug: Loading cache
22:09:26.984 debug: Loading cache costs 1.7730000000010477ms.
22:09:26.984 debug: Engine features shipped in editor: base,gfx-webgl,gfx-webgl2,gfx-empty,gfx-webgpu,3d,animation,skeletal-animation,2d,rich-text,mask,graphics,ui-skew,ui,affine-transform,particle,particle-2d,physics-framework,physics-cannon,physics-physx,physics-ammo,physics-builtin,physics-2d-framework,physics-2d-box2d-jsb,physics-2d-box2d,physics-2d-builtin,physics-2d-box2d-wasm,intersection-2d,primitive,profiler,occlusion-query,geometry-renderer,debug-renderer,audio,video,xr,light-probe,terrain,webview,tween,tiled-map,vendor-google,spine-3.8,spine-4.2,dragon-bones,marionette,procedural-animation,custom-pipeline,custom-pipeline-builtin-scripts,custom-pipeline-post-process,legacy-pipeline,websocket,websocket-server,meshopt
22:09:26.985 debug: Our import map(foo:/bar): {
  "imports": {
    "cc": "cce:/internal/x/cc"
  }
}
22:09:26.985 debug: Initializing target [Preview]
22:09:26.985 debug: Loading cache
22:09:26.987 debug: Loading cache costs 1.5928000000003522ms.
22:09:26.987 debug: Our import map(foo:/bar): {
  "imports": {
    "cc": "cce:/internal/x/cc"
  }
}
22:09:27.082 debug: Sync engine features: 2d,3d,affine-transform,animation,audio,base,custom-pipeline,dragon-bones,gfx-webgl,graphics,intersection-2d,light-probe,marionette,mask,particle,particle-2d,physics-2d-box2d,physics-ammo,primitive,profiler,rich-text,skeletal-animation,spine-3.8,terrain,tiled-map,tween,ui,ui-skew,video,websocket,webview,custom-pipeline
22:09:27.088 debug: Reset databases. Enumerated domains: [
  {
    "root": "db://internal/",
    "physical": "C:\\ProgramData\\cocos\\editors\\Creator\\3.8.6\\resources\\resources\\3d\\engine\\editor\\assets"
  },
  {
    "root": "db://assets/",
    "physical": "D:\\tangjianhua\\cocos games\\JareAdventure_\\assets"
  }
]
22:09:27.088 debug: Our import map(foo:/bar): {
  "imports": {
    "cc": "cce:/internal/x/cc",
    "db://internal/": "file:///C:/ProgramData/cocos/editors/Creator/3.8.6/resources/resources/3d/engine/editor/assets/",
    "db://assets/": "file:///D:/tangjianhua/cocos%20games/JareAdventure_/assets/"
  }
}
22:09:27.092 debug: Our import map(foo:/bar): {
  "imports": {
    "cc": "cce:/internal/x/cc",
    "db://internal/": "file:///C:/ProgramData/cocos/editors/Creator/3.8.6/resources/resources/3d/engine/editor/assets/",
    "db://assets/": "file:///D:/tangjianhua/cocos%20games/JareAdventure_/assets/"
  }
}
22:09:27.095 debug: Pulling asset-db.
22:09:27.110 debug: Fetch asset-db cost: 15.259600000001228ms.
22:09:27.112 debug: Build iteration starts.
Number of accumulated asset changes: 15
Feature changed: false
22:09:27.112 debug: Target(editor) build started.
22:09:27.118 debug: Detected change: cce:/internal/x/cc. Last mtime: Thu Jan 01 1970 08:00:08 GMT+0800 (中国标准时间), Current mtime: Thu Jan 01 1970 08:00:09 GMT+0800 (中国标准时间)
22:09:27.118 debug: Inspect cce:/internal/x/cc
22:09:27.193 debug: transform url: 'cce:/internal/x/cc' costs: 74.60 ms
22:09:27.196 debug: Resolve cce:/internal/x/cc-fu/base from cce:/internal/x/cc as external dependency cce:/internal/x/cc-fu/base.
22:09:27.196 debug: Resolve cce:/internal/x/cc-fu/gfx-webgl from cce:/internal/x/cc as external dependency cce:/internal/x/cc-fu/gfx-webgl.
22:09:27.196 debug: Resolve cce:/internal/x/cc-fu/gfx-webgl2 from cce:/internal/x/cc as external dependency cce:/internal/x/cc-fu/gfx-webgl2.
22:09:27.196 debug: Resolve cce:/internal/x/cc-fu/gfx-empty from cce:/internal/x/cc as external dependency cce:/internal/x/cc-fu/gfx-empty.
22:09:27.196 debug: Resolve cce:/internal/x/cc-fu/gfx-webgpu from cce:/internal/x/cc as external dependency cce:/internal/x/cc-fu/gfx-webgpu.
22:09:27.196 debug: Resolve cce:/internal/x/cc-fu/3d from cce:/internal/x/cc as external dependency cce:/internal/x/cc-fu/3d.
22:09:27.196 debug: Resolve cce:/internal/x/cc-fu/animation from cce:/internal/x/cc as external dependency cce:/internal/x/cc-fu/animation.
22:09:27.196 debug: Resolve cce:/internal/x/cc-fu/skeletal-animation from cce:/internal/x/cc as external dependency cce:/internal/x/cc-fu/skeletal-animation.
22:09:27.196 debug: Resolve cce:/internal/x/cc-fu/2d from cce:/internal/x/cc as external dependency cce:/internal/x/cc-fu/2d.
22:09:27.196 debug: Resolve cce:/internal/x/cc-fu/sorting from cce:/internal/x/cc as external dependency cce:/internal/x/cc-fu/sorting.
22:09:27.196 debug: Resolve cce:/internal/x/cc-fu/rich-text from cce:/internal/x/cc as external dependency cce:/internal/x/cc-fu/rich-text.
22:09:27.196 debug: Resolve cce:/internal/x/cc-fu/mask from cce:/internal/x/cc as external dependency cce:/internal/x/cc-fu/mask.
22:09:27.196 debug: Resolve cce:/internal/x/cc-fu/graphics from cce:/internal/x/cc as external dependency cce:/internal/x/cc-fu/graphics.
22:09:27.196 debug: Resolve cce:/internal/x/cc-fu/ui-skew from cce:/internal/x/cc as external dependency cce:/internal/x/cc-fu/ui-skew.
22:09:27.196 debug: Resolve cce:/internal/x/cc-fu/ui from cce:/internal/x/cc as external dependency cce:/internal/x/cc-fu/ui.
22:09:27.196 debug: Resolve cce:/internal/x/cc-fu/affine-transform from cce:/internal/x/cc as external dependency cce:/internal/x/cc-fu/affine-transform.
22:09:27.196 debug: Resolve cce:/internal/x/cc-fu/particle from cce:/internal/x/cc as external dependency cce:/internal/x/cc-fu/particle.
22:09:27.196 debug: Resolve cce:/internal/x/cc-fu/particle-2d from cce:/internal/x/cc as external dependency cce:/internal/x/cc-fu/particle-2d.
22:09:27.196 debug: Resolve cce:/internal/x/cc-fu/physics-framework from cce:/internal/x/cc as external dependency cce:/internal/x/cc-fu/physics-framework.
22:09:27.196 debug: Resolve cce:/internal/x/cc-fu/physics-cannon from cce:/internal/x/cc as external dependency cce:/internal/x/cc-fu/physics-cannon.
22:09:27.196 debug: Resolve cce:/internal/x/cc-fu/physics-physx from cce:/internal/x/cc as external dependency cce:/internal/x/cc-fu/physics-physx.
22:09:27.196 debug: Resolve cce:/internal/x/cc-fu/physics-ammo from cce:/internal/x/cc as external dependency cce:/internal/x/cc-fu/physics-ammo.
22:09:27.196 debug: Resolve cce:/internal/x/cc-fu/physics-builtin from cce:/internal/x/cc as external dependency cce:/internal/x/cc-fu/physics-builtin.
22:09:27.197 debug: Resolve cce:/internal/x/cc-fu/physics-2d-framework from cce:/internal/x/cc as external dependency cce:/internal/x/cc-fu/physics-2d-framework.
22:09:27.197 debug: Resolve cce:/internal/x/cc-fu/physics-2d-box2d-jsb from cce:/internal/x/cc as external dependency cce:/internal/x/cc-fu/physics-2d-box2d-jsb.
22:09:27.197 debug: Resolve cce:/internal/x/cc-fu/physics-2d-box2d from cce:/internal/x/cc as external dependency cce:/internal/x/cc-fu/physics-2d-box2d.
22:09:27.197 debug: Resolve cce:/internal/x/cc-fu/physics-2d-builtin from cce:/internal/x/cc as external dependency cce:/internal/x/cc-fu/physics-2d-builtin.
22:09:27.197 debug: Resolve cce:/internal/x/cc-fu/physics-2d-box2d-wasm from cce:/internal/x/cc as external dependency cce:/internal/x/cc-fu/physics-2d-box2d-wasm.
22:09:27.197 debug: Resolve cce:/internal/x/cc-fu/intersection-2d from cce:/internal/x/cc as external dependency cce:/internal/x/cc-fu/intersection-2d.
22:09:27.197 debug: Resolve cce:/internal/x/cc-fu/primitive from cce:/internal/x/cc as external dependency cce:/internal/x/cc-fu/primitive.
22:09:27.197 debug: Resolve cce:/internal/x/cc-fu/profiler from cce:/internal/x/cc as external dependency cce:/internal/x/cc-fu/profiler.
22:09:27.197 debug: Resolve cce:/internal/x/cc-fu/geometry-renderer from cce:/internal/x/cc as external dependency cce:/internal/x/cc-fu/geometry-renderer.
22:09:27.197 debug: Resolve cce:/internal/x/cc-fu/audio from cce:/internal/x/cc as external dependency cce:/internal/x/cc-fu/audio.
22:09:27.197 debug: Resolve cce:/internal/x/cc-fu/video from cce:/internal/x/cc as external dependency cce:/internal/x/cc-fu/video.
22:09:27.197 debug: Resolve cce:/internal/x/cc-fu/xr from cce:/internal/x/cc as external dependency cce:/internal/x/cc-fu/xr.
22:09:27.197 debug: Resolve cce:/internal/x/cc-fu/light-probe from cce:/internal/x/cc as external dependency cce:/internal/x/cc-fu/light-probe.
22:09:27.197 debug: Resolve cce:/internal/x/cc-fu/terrain from cce:/internal/x/cc as external dependency cce:/internal/x/cc-fu/terrain.
22:09:27.197 debug: Resolve cce:/internal/x/cc-fu/webview from cce:/internal/x/cc as external dependency cce:/internal/x/cc-fu/webview.
22:09:27.197 debug: Resolve cce:/internal/x/cc-fu/tween from cce:/internal/x/cc as external dependency cce:/internal/x/cc-fu/tween.
22:09:27.197 debug: Resolve cce:/internal/x/cc-fu/tiled-map from cce:/internal/x/cc as external dependency cce:/internal/x/cc-fu/tiled-map.
22:09:27.197 debug: Resolve cce:/internal/x/cc-fu/vendor-google from cce:/internal/x/cc as external dependency cce:/internal/x/cc-fu/vendor-google.
22:09:27.197 debug: Resolve cce:/internal/x/cc-fu/spine from cce:/internal/x/cc as external dependency cce:/internal/x/cc-fu/spine.
22:09:27.197 debug: Resolve cce:/internal/x/cc-fu/dragon-bones from cce:/internal/x/cc as external dependency cce:/internal/x/cc-fu/dragon-bones.
22:09:27.197 debug: Resolve cce:/internal/x/cc-fu/custom-pipeline from cce:/internal/x/cc as external dependency cce:/internal/x/cc-fu/custom-pipeline.
22:09:27.197 debug: Resolve cce:/internal/x/cc-fu/custom-pipeline-post-process from cce:/internal/x/cc as external dependency cce:/internal/x/cc-fu/custom-pipeline-post-process.
22:09:27.197 debug: Resolve cce:/internal/x/cc-fu/legacy-pipeline from cce:/internal/x/cc as external dependency cce:/internal/x/cc-fu/legacy-pipeline.
22:09:27.197 debug: Detected change: cce:/internal/x/prerequisite-imports. Last mtime: Thu Jan 01 1970 08:00:10 GMT+0800 (中国标准时间), Current mtime: Thu Jan 01 1970 08:00:09 GMT+0800 (中国标准时间)
22:09:27.197 debug: Inspect cce:/internal/x/prerequisite-imports
22:09:27.220 debug: transform url: 'cce:/internal/x/prerequisite-imports' costs: 22.50 ms
22:09:27.223 debug: Resolve file:///C:/ProgramData/cocos/editors/Creator/3.8.6/resources/resources/3d/engine/editor/assets/default_renderpipeline/builtin-dof-pass.ts from cce:/internal/x/prerequisite-imports as file:///C:/ProgramData/cocos/editors/Creator/3.8.6/resources/resources/3d/engine/editor/assets/default_renderpipeline/builtin-dof-pass.ts.
22:09:27.226 debug: Resolve file:///C:/ProgramData/cocos/editors/Creator/3.8.6/resources/resources/3d/engine/editor/assets/default_renderpipeline/builtin-pipeline-pass.ts from cce:/internal/x/prerequisite-imports as file:///C:/ProgramData/cocos/editors/Creator/3.8.6/resources/resources/3d/engine/editor/assets/default_renderpipeline/builtin-pipeline-pass.ts.
22:09:27.230 debug: Resolve file:///C:/ProgramData/cocos/editors/Creator/3.8.6/resources/resources/3d/engine/editor/assets/default_renderpipeline/builtin-pipeline-settings.ts from cce:/internal/x/prerequisite-imports as file:///C:/ProgramData/cocos/editors/Creator/3.8.6/resources/resources/3d/engine/editor/assets/default_renderpipeline/builtin-pipeline-settings.ts.
22:09:27.232 debug: Resolve file:///C:/ProgramData/cocos/editors/Creator/3.8.6/resources/resources/3d/engine/editor/assets/default_renderpipeline/builtin-pipeline-types.ts from cce:/internal/x/prerequisite-imports as file:///C:/ProgramData/cocos/editors/Creator/3.8.6/resources/resources/3d/engine/editor/assets/default_renderpipeline/builtin-pipeline-types.ts.
22:09:27.234 debug: Resolve file:///C:/ProgramData/cocos/editors/Creator/3.8.6/resources/resources/3d/engine/editor/assets/default_renderpipeline/builtin-pipeline.ts from cce:/internal/x/prerequisite-imports as file:///C:/ProgramData/cocos/editors/Creator/3.8.6/resources/resources/3d/engine/editor/assets/default_renderpipeline/builtin-pipeline.ts.
22:09:27.237 debug: Resolve file:///C:/ProgramData/cocos/editors/Creator/3.8.6/resources/resources/3d/engine/editor/assets/tools/debug-view-runtime-control.ts from cce:/internal/x/prerequisite-imports as file:///C:/ProgramData/cocos/editors/Creator/3.8.6/resources/resources/3d/engine/editor/assets/tools/debug-view-runtime-control.ts.
22:09:27.238 debug: Resolve file:///D:/tangjianhua/cocos%20games/JareAdventure_/assets/scripts/Camera.ts from cce:/internal/x/prerequisite-imports as file:///D:/tangjianhua/cocos%20games/JareAdventure_/assets/scripts/Camera.ts.
22:09:27.239 debug: Inspect file:///D:/tangjianhua/cocos%20games/JareAdventure_/assets/scripts/Camera.ts
22:09:27.311 debug: transform url: 'file:///D:/tangjianhua/cocos%20games/JareAdventure_/assets/scripts/Camera.ts' costs: 72.10 ms
22:09:27.313 debug: Resolve file:///D:/tangjianhua/cocos%20games/JareAdventure_/assets/scripts/ForeverManager.ts from cce:/internal/x/prerequisite-imports as file:///D:/tangjianhua/cocos%20games/JareAdventure_/assets/scripts/ForeverManager.ts.
22:09:27.314 debug: Inspect file:///D:/tangjianhua/cocos%20games/JareAdventure_/assets/scripts/ForeverManager.ts
22:09:27.369 debug: transform url: 'file:///D:/tangjianhua/cocos%20games/JareAdventure_/assets/scripts/ForeverManager.ts' costs: 55.10 ms
22:09:27.372 debug: Resolve file:///D:/tangjianhua/cocos%20games/JareAdventure_/assets/scripts/HUD_Distance.ts from cce:/internal/x/prerequisite-imports as file:///D:/tangjianhua/cocos%20games/JareAdventure_/assets/scripts/HUD_Distance.ts.
22:09:27.373 debug: Inspect file:///D:/tangjianhua/cocos%20games/JareAdventure_/assets/scripts/HUD_Distance.ts
22:09:27.412 debug: transform url: 'file:///D:/tangjianhua/cocos%20games/JareAdventure_/assets/scripts/HUD_Distance.ts' costs: 39.30 ms
22:09:27.414 debug: Resolve file:///D:/tangjianhua/cocos%20games/JareAdventure_/assets/scripts/LevelSelect.ts from cce:/internal/x/prerequisite-imports as file:///D:/tangjianhua/cocos%20games/JareAdventure_/assets/scripts/LevelSelect.ts.
22:09:27.414 debug: Inspect file:///D:/tangjianhua/cocos%20games/JareAdventure_/assets/scripts/LevelSelect.ts
22:09:27.436 debug: transform url: 'file:///D:/tangjianhua/cocos%20games/JareAdventure_/assets/scripts/LevelSelect.ts' costs: 21.20 ms
22:09:27.438 debug: Resolve file:///D:/tangjianhua/cocos%20games/JareAdventure_/assets/scripts/Manu.ts from cce:/internal/x/prerequisite-imports as file:///D:/tangjianhua/cocos%20games/JareAdventure_/assets/scripts/Manu.ts.
22:09:27.438 debug: Inspect file:///D:/tangjianhua/cocos%20games/JareAdventure_/assets/scripts/Manu.ts
22:09:27.456 debug: transform url: 'file:///D:/tangjianhua/cocos%20games/JareAdventure_/assets/scripts/Manu.ts' costs: 18.10 ms
22:09:27.459 debug: Resolve file:///D:/tangjianhua/cocos%20games/JareAdventure_/assets/scripts/Player.ts from cce:/internal/x/prerequisite-imports as file:///D:/tangjianhua/cocos%20games/JareAdventure_/assets/scripts/Player.ts.
22:09:27.459 debug: Inspect file:///D:/tangjianhua/cocos%20games/JareAdventure_/assets/scripts/Player.ts
22:09:27.502 debug: transform url: 'file:///D:/tangjianhua/cocos%20games/JareAdventure_/assets/scripts/Player.ts' costs: 42.60 ms
22:09:27.504 debug: Resolve file:///D:/tangjianhua/cocos%20games/JareAdventure_/assets/scripts/UIManager.ts from cce:/internal/x/prerequisite-imports as file:///D:/tangjianhua/cocos%20games/JareAdventure_/assets/scripts/UIManager.ts.
22:09:27.505 debug: Inspect file:///D:/tangjianhua/cocos%20games/JareAdventure_/assets/scripts/UIManager.ts
22:09:27.556 debug: transform url: 'file:///D:/tangjianhua/cocos%20games/JareAdventure_/assets/scripts/UIManager.ts' costs: 51.30 ms
22:09:27.560 debug: Resolve file:///D:/tangjianhua/cocos%20games/JareAdventure_/assets/scripts/collision.ts from cce:/internal/x/prerequisite-imports as file:///D:/tangjianhua/cocos%20games/JareAdventure_/assets/scripts/collision.ts.
22:09:27.560 debug: Inspect file:///D:/tangjianhua/cocos%20games/JareAdventure_/assets/scripts/collision.ts
22:09:27.587 debug: transform url: 'file:///D:/tangjianhua/cocos%20games/JareAdventure_/assets/scripts/collision.ts' costs: 27.40 ms
22:09:27.590 debug: Resolve file:///D:/tangjianhua/cocos%20games/JareAdventure_/assets/scripts/star_tip.ts from cce:/internal/x/prerequisite-imports as file:///D:/tangjianhua/cocos%20games/JareAdventure_/assets/scripts/star_tip.ts.
22:09:27.591 debug: Inspect file:///D:/tangjianhua/cocos%20games/JareAdventure_/assets/scripts/star_tip.ts
22:09:27.612 debug: transform url: 'file:///D:/tangjianhua/cocos%20games/JareAdventure_/assets/scripts/star_tip.ts' costs: 21.40 ms
22:09:27.614 debug: Resolve cce:/internal/code-quality/cr.mjs from file:///C:/ProgramData/cocos/editors/Creator/3.8.6/resources/resources/3d/engine/editor/assets/default_renderpipeline/builtin-dof-pass.ts as cce:/internal/code-quality/cr.mjs.
22:09:27.614 debug: Detected change: cce:/internal/code-quality/cr.mjs. Last mtime: Fri Jan 16 2026 09:23:28 GMT+0800 (中国标准时间), Current mtime: Tue Jan 20 2026 22:09:17 GMT+0800 (中国标准时间)
22:09:27.614 debug: Inspect cce:/internal/code-quality/cr.mjs
22:09:27.623 debug: transform url: 'cce:/internal/code-quality/cr.mjs' costs: 8.60 ms
22:09:27.624 debug: Resolve cc from file:///C:/ProgramData/cocos/editors/Creator/3.8.6/resources/resources/3d/engine/editor/assets/default_renderpipeline/builtin-dof-pass.ts as cce:/internal/x/cc.
22:09:27.625 debug: Resolve cc from file:///C:/ProgramData/cocos/editors/Creator/3.8.6/resources/resources/3d/engine/editor/assets/default_renderpipeline/builtin-dof-pass.ts as cce:/internal/x/cc.
22:09:27.625 debug: Resolve cc from file:///C:/ProgramData/cocos/editors/Creator/3.8.6/resources/resources/3d/engine/editor/assets/default_renderpipeline/builtin-dof-pass.ts as cce:/internal/x/cc.
22:09:27.625 debug: Resolve cc/env from file:///C:/ProgramData/cocos/editors/Creator/3.8.6/resources/resources/3d/engine/editor/assets/default_renderpipeline/builtin-dof-pass.ts as external dependency cc/env.
22:09:27.628 debug: Resolve ./builtin-pipeline-settings from file:///C:/ProgramData/cocos/editors/Creator/3.8.6/resources/resources/3d/engine/editor/assets/default_renderpipeline/builtin-dof-pass.ts as file:///C:/ProgramData/cocos/editors/Creator/3.8.6/resources/resources/3d/engine/editor/assets/default_renderpipeline/builtin-pipeline-settings.ts.
22:09:27.630 debug: Resolve ./builtin-pipeline-pass from file:///C:/ProgramData/cocos/editors/Creator/3.8.6/resources/resources/3d/engine/editor/assets/default_renderpipeline/builtin-dof-pass.ts as file:///C:/ProgramData/cocos/editors/Creator/3.8.6/resources/resources/3d/engine/editor/assets/default_renderpipeline/builtin-pipeline-pass.ts.
22:09:27.633 debug: Resolve ./builtin-pipeline from file:///C:/ProgramData/cocos/editors/Creator/3.8.6/resources/resources/3d/engine/editor/assets/default_renderpipeline/builtin-dof-pass.ts as file:///C:/ProgramData/cocos/editors/Creator/3.8.6/resources/resources/3d/engine/editor/assets/default_renderpipeline/builtin-pipeline.ts.
22:09:27.633 debug: Resolve cce:/internal/code-quality/cr.mjs from file:///C:/ProgramData/cocos/editors/Creator/3.8.6/resources/resources/3d/engine/editor/assets/default_renderpipeline/builtin-pipeline-settings.ts as cce:/internal/code-quality/cr.mjs.
22:09:27.633 debug: Resolve cc from file:///C:/ProgramData/cocos/editors/Creator/3.8.6/resources/resources/3d/engine/editor/assets/default_renderpipeline/builtin-pipeline-settings.ts as cce:/internal/x/cc.
22:09:27.633 debug: Resolve cc from file:///C:/ProgramData/cocos/editors/Creator/3.8.6/resources/resources/3d/engine/editor/assets/default_renderpipeline/builtin-pipeline-settings.ts as cce:/internal/x/cc.
22:09:27.633 debug: Resolve cc from file:///C:/ProgramData/cocos/editors/Creator/3.8.6/resources/resources/3d/engine/editor/assets/default_renderpipeline/builtin-pipeline-settings.ts as cce:/internal/x/cc.
22:09:27.633 debug: Resolve cc/env from file:///C:/ProgramData/cocos/editors/Creator/3.8.6/resources/resources/3d/engine/editor/assets/default_renderpipeline/builtin-pipeline-settings.ts as external dependency cc/env.
22:09:27.636 debug: Resolve ./builtin-pipeline-types from file:///C:/ProgramData/cocos/editors/Creator/3.8.6/resources/resources/3d/engine/editor/assets/default_renderpipeline/builtin-pipeline-settings.ts as file:///C:/ProgramData/cocos/editors/Creator/3.8.6/resources/resources/3d/engine/editor/assets/default_renderpipeline/builtin-pipeline-types.ts.
22:09:27.636 debug: Resolve cc from file:///C:/ProgramData/cocos/editors/Creator/3.8.6/resources/resources/3d/engine/editor/assets/default_renderpipeline/builtin-pipeline-types.ts as cce:/internal/x/cc.
22:09:27.636 debug: Resolve cc from file:///C:/ProgramData/cocos/editors/Creator/3.8.6/resources/resources/3d/engine/editor/assets/default_renderpipeline/builtin-pipeline-types.ts as cce:/internal/x/cc.
22:09:27.637 debug: Resolve cc from file:///C:/ProgramData/cocos/editors/Creator/3.8.6/resources/resources/3d/engine/editor/assets/default_renderpipeline/builtin-pipeline-types.ts as cce:/internal/x/cc.
22:09:27.637 debug: Resolve cce:/internal/code-quality/cr.mjs from file:///C:/ProgramData/cocos/editors/Creator/3.8.6/resources/resources/3d/engine/editor/assets/default_renderpipeline/builtin-pipeline-pass.ts as cce:/internal/code-quality/cr.mjs.
22:09:27.637 debug: Resolve cc from file:///C:/ProgramData/cocos/editors/Creator/3.8.6/resources/resources/3d/engine/editor/assets/default_renderpipeline/builtin-pipeline-pass.ts as cce:/internal/x/cc.
22:09:27.637 debug: Resolve cc from file:///C:/ProgramData/cocos/editors/Creator/3.8.6/resources/resources/3d/engine/editor/assets/default_renderpipeline/builtin-pipeline-pass.ts as cce:/internal/x/cc.
22:09:27.637 debug: Resolve cc from file:///C:/ProgramData/cocos/editors/Creator/3.8.6/resources/resources/3d/engine/editor/assets/default_renderpipeline/builtin-pipeline-pass.ts as cce:/internal/x/cc.
22:09:27.639 debug: Resolve ./builtin-pipeline-settings from file:///C:/ProgramData/cocos/editors/Creator/3.8.6/resources/resources/3d/engine/editor/assets/default_renderpipeline/builtin-pipeline-pass.ts as file:///C:/ProgramData/cocos/editors/Creator/3.8.6/resources/resources/3d/engine/editor/assets/default_renderpipeline/builtin-pipeline-settings.ts.
22:09:27.640 debug: Resolve cc/env from file:///C:/ProgramData/cocos/editors/Creator/3.8.6/resources/resources/3d/engine/editor/assets/default_renderpipeline/builtin-pipeline-pass.ts as external dependency cc/env.
22:09:27.640 debug: Resolve cce:/internal/code-quality/cr.mjs from file:///C:/ProgramData/cocos/editors/Creator/3.8.6/resources/resources/3d/engine/editor/assets/default_renderpipeline/builtin-pipeline.ts as cce:/internal/code-quality/cr.mjs.
22:09:27.640 debug: Resolve cc from file:///C:/ProgramData/cocos/editors/Creator/3.8.6/resources/resources/3d/engine/editor/assets/default_renderpipeline/builtin-pipeline.ts as cce:/internal/x/cc.
22:09:27.640 debug: Resolve cc from file:///C:/ProgramData/cocos/editors/Creator/3.8.6/resources/resources/3d/engine/editor/assets/default_renderpipeline/builtin-pipeline.ts as cce:/internal/x/cc.
22:09:27.640 debug: Resolve cc from file:///C:/ProgramData/cocos/editors/Creator/3.8.6/resources/resources/3d/engine/editor/assets/default_renderpipeline/builtin-pipeline.ts as cce:/internal/x/cc.
22:09:27.640 debug: Resolve cc/env from file:///C:/ProgramData/cocos/editors/Creator/3.8.6/resources/resources/3d/engine/editor/assets/default_renderpipeline/builtin-pipeline.ts as external dependency cc/env.
22:09:27.642 debug: Resolve ./builtin-pipeline-types from file:///C:/ProgramData/cocos/editors/Creator/3.8.6/resources/resources/3d/engine/editor/assets/default_renderpipeline/builtin-pipeline.ts as file:///C:/ProgramData/cocos/editors/Creator/3.8.6/resources/resources/3d/engine/editor/assets/default_renderpipeline/builtin-pipeline-types.ts.
22:09:27.643 debug: Resolve cc from file:///C:/ProgramData/cocos/editors/Creator/3.8.6/resources/resources/3d/engine/editor/assets/tools/debug-view-runtime-control.ts as cce:/internal/x/cc.
22:09:27.643 debug: Resolve cc from file:///C:/ProgramData/cocos/editors/Creator/3.8.6/resources/resources/3d/engine/editor/assets/tools/debug-view-runtime-control.ts as cce:/internal/x/cc.
22:09:27.643 debug: Resolve cc from file:///C:/ProgramData/cocos/editors/Creator/3.8.6/resources/resources/3d/engine/editor/assets/tools/debug-view-runtime-control.ts as cce:/internal/x/cc.
22:09:27.643 debug: Resolve cc from file:///D:/tangjianhua/cocos%20games/JareAdventure_/assets/scripts/Camera.ts as cce:/internal/x/cc.
22:09:27.643 debug: Resolve cc from file:///D:/tangjianhua/cocos%20games/JareAdventure_/assets/scripts/Camera.ts as cce:/internal/x/cc.
22:09:27.643 debug: Resolve cc from file:///D:/tangjianhua/cocos%20games/JareAdventure_/assets/scripts/Camera.ts as cce:/internal/x/cc.
22:09:27.643 debug: Resolve cc from file:///D:/tangjianhua/cocos%20games/JareAdventure_/assets/scripts/ForeverManager.ts as cce:/internal/x/cc.
22:09:27.643 debug: Resolve cc from file:///D:/tangjianhua/cocos%20games/JareAdventure_/assets/scripts/ForeverManager.ts as cce:/internal/x/cc.
22:09:27.643 debug: Resolve cc from file:///D:/tangjianhua/cocos%20games/JareAdventure_/assets/scripts/ForeverManager.ts as cce:/internal/x/cc.
22:09:27.643 debug: Resolve cce:/internal/code-quality/cr.mjs from file:///D:/tangjianhua/cocos%20games/JareAdventure_/assets/scripts/HUD_Distance.ts as cce:/internal/code-quality/cr.mjs.
22:09:27.643 debug: Resolve cc from file:///D:/tangjianhua/cocos%20games/JareAdventure_/assets/scripts/HUD_Distance.ts as cce:/internal/x/cc.
22:09:27.643 debug: Resolve cc from file:///D:/tangjianhua/cocos%20games/JareAdventure_/assets/scripts/HUD_Distance.ts as cce:/internal/x/cc.
22:09:27.644 debug: Resolve cc from file:///D:/tangjianhua/cocos%20games/JareAdventure_/assets/scripts/HUD_Distance.ts as cce:/internal/x/cc.
22:09:27.645 debug: Resolve ./Player from file:///D:/tangjianhua/cocos%20games/JareAdventure_/assets/scripts/HUD_Distance.ts as file:///D:/tangjianhua/cocos%20games/JareAdventure_/assets/scripts/Player.ts.
22:09:27.645 debug: Resolve cc from file:///D:/tangjianhua/cocos%20games/JareAdventure_/assets/scripts/Player.ts as cce:/internal/x/cc.
22:09:27.645 debug: Resolve cc from file:///D:/tangjianhua/cocos%20games/JareAdventure_/assets/scripts/Player.ts as cce:/internal/x/cc.
22:09:27.645 debug: Resolve cc from file:///D:/tangjianhua/cocos%20games/JareAdventure_/assets/scripts/Player.ts as cce:/internal/x/cc.
22:09:27.645 debug: Resolve cc from file:///D:/tangjianhua/cocos%20games/JareAdventure_/assets/scripts/LevelSelect.ts as cce:/internal/x/cc.
22:09:27.645 debug: Resolve cc from file:///D:/tangjianhua/cocos%20games/JareAdventure_/assets/scripts/LevelSelect.ts as cce:/internal/x/cc.
22:09:27.645 debug: Resolve cc from file:///D:/tangjianhua/cocos%20games/JareAdventure_/assets/scripts/LevelSelect.ts as cce:/internal/x/cc.
22:09:27.645 debug: Resolve cc from file:///D:/tangjianhua/cocos%20games/JareAdventure_/assets/scripts/Manu.ts as cce:/internal/x/cc.
22:09:27.645 debug: Resolve cc from file:///D:/tangjianhua/cocos%20games/JareAdventure_/assets/scripts/Manu.ts as cce:/internal/x/cc.
22:09:27.645 debug: Resolve cc from file:///D:/tangjianhua/cocos%20games/JareAdventure_/assets/scripts/Manu.ts as cce:/internal/x/cc.
22:09:27.645 debug: Resolve cc from file:///D:/tangjianhua/cocos%20games/JareAdventure_/assets/scripts/UIManager.ts as cce:/internal/x/cc.
22:09:27.645 debug: Resolve cc from file:///D:/tangjianhua/cocos%20games/JareAdventure_/assets/scripts/UIManager.ts as cce:/internal/x/cc.
22:09:27.646 debug: Resolve cc from file:///D:/tangjianhua/cocos%20games/JareAdventure_/assets/scripts/UIManager.ts as cce:/internal/x/cc.
22:09:27.646 debug: Resolve cce:/internal/code-quality/cr.mjs from file:///D:/tangjianhua/cocos%20games/JareAdventure_/assets/scripts/collision.ts as cce:/internal/code-quality/cr.mjs.
22:09:27.646 debug: Resolve cc from file:///D:/tangjianhua/cocos%20games/JareAdventure_/assets/scripts/collision.ts as cce:/internal/x/cc.
22:09:27.646 debug: Resolve cc from file:///D:/tangjianhua/cocos%20games/JareAdventure_/assets/scripts/collision.ts as cce:/internal/x/cc.
22:09:27.646 debug: Resolve cc from file:///D:/tangjianhua/cocos%20games/JareAdventure_/assets/scripts/collision.ts as cce:/internal/x/cc.
22:09:27.647 debug: Resolve ./Player from file:///D:/tangjianhua/cocos%20games/JareAdventure_/assets/scripts/collision.ts as file:///D:/tangjianhua/cocos%20games/JareAdventure_/assets/scripts/Player.ts.
22:09:27.647 debug: Resolve cce:/internal/code-quality/cr.mjs from file:///D:/tangjianhua/cocos%20games/JareAdventure_/assets/scripts/star_tip.ts as cce:/internal/code-quality/cr.mjs.
22:09:27.647 debug: Resolve cc from file:///D:/tangjianhua/cocos%20games/JareAdventure_/assets/scripts/star_tip.ts as cce:/internal/x/cc.
22:09:27.647 debug: Resolve cc from file:///D:/tangjianhua/cocos%20games/JareAdventure_/assets/scripts/star_tip.ts as cce:/internal/x/cc.
22:09:27.647 debug: Resolve cc from file:///D:/tangjianhua/cocos%20games/JareAdventure_/assets/scripts/star_tip.ts as cce:/internal/x/cc.
22:09:27.648 debug: Resolve ./Player from file:///D:/tangjianhua/cocos%20games/JareAdventure_/assets/scripts/star_tip.ts as file:///D:/tangjianhua/cocos%20games/JareAdventure_/assets/scripts/Player.ts.
22:09:27.676 debug: Target(editor) ends with cost 563.6726999999992ms.
22:09:27.676 debug: Target(preview) build started.
22:09:27.680 debug: Detected change: cce:/internal/x/cc. Last mtime: Thu Jan 01 1970 08:00:08 GMT+0800 (中国标准时间), Current mtime: Thu Jan 01 1970 08:00:09 GMT+0800 (中国标准时间)
22:09:27.681 debug: Inspect cce:/internal/x/cc
22:09:27.716 debug: transform url: 'cce:/internal/x/cc' costs: 35.60 ms
22:09:27.718 debug: Resolve cce:/internal/x/cc-fu/2d from cce:/internal/x/cc as external dependency cce:/internal/x/cc-fu/2d.
22:09:27.718 debug: Resolve cce:/internal/x/cc-fu/sorting from cce:/internal/x/cc as external dependency cce:/internal/x/cc-fu/sorting.
22:09:27.718 debug: Resolve cce:/internal/x/cc-fu/3d from cce:/internal/x/cc as external dependency cce:/internal/x/cc-fu/3d.
22:09:27.718 debug: Resolve cce:/internal/x/cc-fu/affine-transform from cce:/internal/x/cc as external dependency cce:/internal/x/cc-fu/affine-transform.
22:09:27.718 debug: Resolve cce:/internal/x/cc-fu/animation from cce:/internal/x/cc as external dependency cce:/internal/x/cc-fu/animation.
22:09:27.718 debug: Resolve cce:/internal/x/cc-fu/audio from cce:/internal/x/cc as external dependency cce:/internal/x/cc-fu/audio.
22:09:27.718 debug: Resolve cce:/internal/x/cc-fu/base from cce:/internal/x/cc as external dependency cce:/internal/x/cc-fu/base.
22:09:27.718 debug: Resolve cce:/internal/x/cc-fu/custom-pipeline from cce:/internal/x/cc as external dependency cce:/internal/x/cc-fu/custom-pipeline.
22:09:27.718 debug: Resolve cce:/internal/x/cc-fu/dragon-bones from cce:/internal/x/cc as external dependency cce:/internal/x/cc-fu/dragon-bones.
22:09:27.718 debug: Resolve cce:/internal/x/cc-fu/gfx-webgl from cce:/internal/x/cc as external dependency cce:/internal/x/cc-fu/gfx-webgl.
22:09:27.718 debug: Resolve cce:/internal/x/cc-fu/graphics from cce:/internal/x/cc as external dependency cce:/internal/x/cc-fu/graphics.
22:09:27.719 debug: Resolve cce:/internal/x/cc-fu/intersection-2d from cce:/internal/x/cc as external dependency cce:/internal/x/cc-fu/intersection-2d.
22:09:27.719 debug: Resolve cce:/internal/x/cc-fu/light-probe from cce:/internal/x/cc as external dependency cce:/internal/x/cc-fu/light-probe.
22:09:27.719 debug: Resolve cce:/internal/x/cc-fu/mask from cce:/internal/x/cc as external dependency cce:/internal/x/cc-fu/mask.
22:09:27.719 debug: Resolve cce:/internal/x/cc-fu/particle from cce:/internal/x/cc as external dependency cce:/internal/x/cc-fu/particle.
22:09:27.719 debug: Resolve cce:/internal/x/cc-fu/particle-2d from cce:/internal/x/cc as external dependency cce:/internal/x/cc-fu/particle-2d.
22:09:27.719 debug: Resolve cce:/internal/x/cc-fu/physics-2d-box2d from cce:/internal/x/cc as external dependency cce:/internal/x/cc-fu/physics-2d-box2d.
22:09:27.719 debug: Resolve cce:/internal/x/cc-fu/physics-2d-framework from cce:/internal/x/cc as external dependency cce:/internal/x/cc-fu/physics-2d-framework.
22:09:27.719 debug: Resolve cce:/internal/x/cc-fu/physics-ammo from cce:/internal/x/cc as external dependency cce:/internal/x/cc-fu/physics-ammo.
22:09:27.719 debug: Resolve cce:/internal/x/cc-fu/physics-framework from cce:/internal/x/cc as external dependency cce:/internal/x/cc-fu/physics-framework.
22:09:27.719 debug: Resolve cce:/internal/x/cc-fu/primitive from cce:/internal/x/cc as external dependency cce:/internal/x/cc-fu/primitive.
22:09:27.719 debug: Resolve cce:/internal/x/cc-fu/profiler from cce:/internal/x/cc as external dependency cce:/internal/x/cc-fu/profiler.
22:09:27.719 debug: Resolve cce:/internal/x/cc-fu/rich-text from cce:/internal/x/cc as external dependency cce:/internal/x/cc-fu/rich-text.
22:09:27.719 debug: Resolve cce:/internal/x/cc-fu/skeletal-animation from cce:/internal/x/cc as external dependency cce:/internal/x/cc-fu/skeletal-animation.
22:09:27.719 debug: Resolve cce:/internal/x/cc-fu/spine from cce:/internal/x/cc as external dependency cce:/internal/x/cc-fu/spine.
22:09:27.719 debug: Resolve cce:/internal/x/cc-fu/terrain from cce:/internal/x/cc as external dependency cce:/internal/x/cc-fu/terrain.
22:09:27.719 debug: Resolve cce:/internal/x/cc-fu/tiled-map from cce:/internal/x/cc as external dependency cce:/internal/x/cc-fu/tiled-map.
22:09:27.719 debug: Resolve cce:/internal/x/cc-fu/tween from cce:/internal/x/cc as external dependency cce:/internal/x/cc-fu/tween.
22:09:27.719 debug: Resolve cce:/internal/x/cc-fu/ui from cce:/internal/x/cc as external dependency cce:/internal/x/cc-fu/ui.
22:09:27.719 debug: Resolve cce:/internal/x/cc-fu/ui-skew from cce:/internal/x/cc as external dependency cce:/internal/x/cc-fu/ui-skew.
22:09:27.719 debug: Resolve cce:/internal/x/cc-fu/video from cce:/internal/x/cc as external dependency cce:/internal/x/cc-fu/video.
22:09:27.719 debug: Resolve cce:/internal/x/cc-fu/webview from cce:/internal/x/cc as external dependency cce:/internal/x/cc-fu/webview.
22:09:27.719 debug: Detected change: cce:/internal/x/prerequisite-imports. Last mtime: Thu Jan 01 1970 08:00:10 GMT+0800 (中国标准时间), Current mtime: Thu Jan 01 1970 08:00:09 GMT+0800 (中国标准时间)
22:09:27.720 debug: Inspect cce:/internal/x/prerequisite-imports
22:09:27.736 debug: transform url: 'cce:/internal/x/prerequisite-imports' costs: 16.60 ms
22:09:27.740 debug: Resolve file:///C:/ProgramData/cocos/editors/Creator/3.8.6/resources/resources/3d/engine/editor/assets/default_renderpipeline/builtin-dof-pass.ts from cce:/internal/x/prerequisite-imports as file:///C:/ProgramData/cocos/editors/Creator/3.8.6/resources/resources/3d/engine/editor/assets/default_renderpipeline/builtin-dof-pass.ts.
22:09:27.742 debug: Resolve file:///C:/ProgramData/cocos/editors/Creator/3.8.6/resources/resources/3d/engine/editor/assets/default_renderpipeline/builtin-pipeline-pass.ts from cce:/internal/x/prerequisite-imports as file:///C:/ProgramData/cocos/editors/Creator/3.8.6/resources/resources/3d/engine/editor/assets/default_renderpipeline/builtin-pipeline-pass.ts.
22:09:27.745 debug: Resolve file:///C:/ProgramData/cocos/editors/Creator/3.8.6/resources/resources/3d/engine/editor/assets/default_renderpipeline/builtin-pipeline-settings.ts from cce:/internal/x/prerequisite-imports as file:///C:/ProgramData/cocos/editors/Creator/3.8.6/resources/resources/3d/engine/editor/assets/default_renderpipeline/builtin-pipeline-settings.ts.
22:09:27.749 debug: Resolve file:///C:/ProgramData/cocos/editors/Creator/3.8.6/resources/resources/3d/engine/editor/assets/default_renderpipeline/builtin-pipeline-types.ts from cce:/internal/x/prerequisite-imports as file:///C:/ProgramData/cocos/editors/Creator/3.8.6/resources/resources/3d/engine/editor/assets/default_renderpipeline/builtin-pipeline-types.ts.
22:09:27.751 debug: Resolve file:///C:/ProgramData/cocos/editors/Creator/3.8.6/resources/resources/3d/engine/editor/assets/default_renderpipeline/builtin-pipeline.ts from cce:/internal/x/prerequisite-imports as file:///C:/ProgramData/cocos/editors/Creator/3.8.6/resources/resources/3d/engine/editor/assets/default_renderpipeline/builtin-pipeline.ts.
22:09:27.753 debug: Resolve file:///C:/ProgramData/cocos/editors/Creator/3.8.6/resources/resources/3d/engine/editor/assets/tools/debug-view-runtime-control.ts from cce:/internal/x/prerequisite-imports as file:///C:/ProgramData/cocos/editors/Creator/3.8.6/resources/resources/3d/engine/editor/assets/tools/debug-view-runtime-control.ts.
22:09:27.754 debug: Resolve file:///D:/tangjianhua/cocos%20games/JareAdventure_/assets/scripts/Camera.ts from cce:/internal/x/prerequisite-imports as file:///D:/tangjianhua/cocos%20games/JareAdventure_/assets/scripts/Camera.ts.
22:09:27.754 debug: Inspect file:///D:/tangjianhua/cocos%20games/JareAdventure_/assets/scripts/Camera.ts
22:09:27.783 debug: transform url: 'file:///D:/tangjianhua/cocos%20games/JareAdventure_/assets/scripts/Camera.ts' costs: 29.20 ms
22:09:27.786 debug: Resolve file:///D:/tangjianhua/cocos%20games/JareAdventure_/assets/scripts/ForeverManager.ts from cce:/internal/x/prerequisite-imports as file:///D:/tangjianhua/cocos%20games/JareAdventure_/assets/scripts/ForeverManager.ts.
22:09:27.786 debug: Inspect file:///D:/tangjianhua/cocos%20games/JareAdventure_/assets/scripts/ForeverManager.ts
22:09:27.836 debug: transform url: 'file:///D:/tangjianhua/cocos%20games/JareAdventure_/assets/scripts/ForeverManager.ts' costs: 49.80 ms
22:09:27.840 debug: Resolve file:///D:/tangjianhua/cocos%20games/JareAdventure_/assets/scripts/HUD_Distance.ts from cce:/internal/x/prerequisite-imports as file:///D:/tangjianhua/cocos%20games/JareAdventure_/assets/scripts/HUD_Distance.ts.
22:09:27.840 debug: Inspect file:///D:/tangjianhua/cocos%20games/JareAdventure_/assets/scripts/HUD_Distance.ts
22:09:27.888 debug: transform url: 'file:///D:/tangjianhua/cocos%20games/JareAdventure_/assets/scripts/HUD_Distance.ts' costs: 48.40 ms
22:09:27.891 debug: Resolve file:///D:/tangjianhua/cocos%20games/JareAdventure_/assets/scripts/LevelSelect.ts from cce:/internal/x/prerequisite-imports as file:///D:/tangjianhua/cocos%20games/JareAdventure_/assets/scripts/LevelSelect.ts.
22:09:27.892 debug: Inspect file:///D:/tangjianhua/cocos%20games/JareAdventure_/assets/scripts/LevelSelect.ts
22:09:27.938 debug: transform url: 'file:///D:/tangjianhua/cocos%20games/JareAdventure_/assets/scripts/LevelSelect.ts' costs: 46.40 ms
22:09:27.941 debug: Resolve file:///D:/tangjianhua/cocos%20games/JareAdventure_/assets/scripts/Manu.ts from cce:/internal/x/prerequisite-imports as file:///D:/tangjianhua/cocos%20games/JareAdventure_/assets/scripts/Manu.ts.
22:09:27.941 debug: Inspect file:///D:/tangjianhua/cocos%20games/JareAdventure_/assets/scripts/Manu.ts
22:09:27.966 debug: transform url: 'file:///D:/tangjianhua/cocos%20games/JareAdventure_/assets/scripts/Manu.ts' costs: 24.20 ms
22:09:27.968 debug: Resolve file:///D:/tangjianhua/cocos%20games/JareAdventure_/assets/scripts/Player.ts from cce:/internal/x/prerequisite-imports as file:///D:/tangjianhua/cocos%20games/JareAdventure_/assets/scripts/Player.ts.
22:09:27.968 debug: Inspect file:///D:/tangjianhua/cocos%20games/JareAdventure_/assets/scripts/Player.ts
22:09:28.010 debug: transform url: 'file:///D:/tangjianhua/cocos%20games/JareAdventure_/assets/scripts/Player.ts' costs: 41.30 ms
22:09:28.012 debug: Resolve file:///D:/tangjianhua/cocos%20games/JareAdventure_/assets/scripts/UIManager.ts from cce:/internal/x/prerequisite-imports as file:///D:/tangjianhua/cocos%20games/JareAdventure_/assets/scripts/UIManager.ts.
22:09:28.013 debug: Inspect file:///D:/tangjianhua/cocos%20games/JareAdventure_/assets/scripts/UIManager.ts
22:09:28.052 debug: transform url: 'file:///D:/tangjianhua/cocos%20games/JareAdventure_/assets/scripts/UIManager.ts' costs: 39.40 ms
22:09:28.055 debug: Resolve file:///D:/tangjianhua/cocos%20games/JareAdventure_/assets/scripts/collision.ts from cce:/internal/x/prerequisite-imports as file:///D:/tangjianhua/cocos%20games/JareAdventure_/assets/scripts/collision.ts.
22:09:28.055 debug: Inspect file:///D:/tangjianhua/cocos%20games/JareAdventure_/assets/scripts/collision.ts
22:09:28.082 debug: transform url: 'file:///D:/tangjianhua/cocos%20games/JareAdventure_/assets/scripts/collision.ts' costs: 27.10 ms
22:09:28.085 debug: Resolve file:///D:/tangjianhua/cocos%20games/JareAdventure_/assets/scripts/star_tip.ts from cce:/internal/x/prerequisite-imports as file:///D:/tangjianhua/cocos%20games/JareAdventure_/assets/scripts/star_tip.ts.
22:09:28.085 debug: Inspect file:///D:/tangjianhua/cocos%20games/JareAdventure_/assets/scripts/star_tip.ts
22:09:28.117 debug: transform url: 'file:///D:/tangjianhua/cocos%20games/JareAdventure_/assets/scripts/star_tip.ts' costs: 32.20 ms
22:09:28.119 debug: Resolve cce:/internal/code-quality/cr.mjs from file:///C:/ProgramData/cocos/editors/Creator/3.8.6/resources/resources/3d/engine/editor/assets/default_renderpipeline/builtin-dof-pass.ts as cce:/internal/code-quality/cr.mjs.
22:09:28.119 debug: Detected change: cce:/internal/code-quality/cr.mjs. Last mtime: Fri Jan 16 2026 09:23:28 GMT+0800 (中国标准时间), Current mtime: Tue Jan 20 2026 22:09:17 GMT+0800 (中国标准时间)
22:09:28.119 debug: Inspect cce:/internal/code-quality/cr.mjs
22:09:28.131 debug: transform url: 'cce:/internal/code-quality/cr.mjs' costs: 11.40 ms
22:09:28.133 debug: Resolve cc from file:///C:/ProgramData/cocos/editors/Creator/3.8.6/resources/resources/3d/engine/editor/assets/default_renderpipeline/builtin-dof-pass.ts as cce:/internal/x/cc.
22:09:28.133 debug: Resolve cc from file:///C:/ProgramData/cocos/editors/Creator/3.8.6/resources/resources/3d/engine/editor/assets/default_renderpipeline/builtin-dof-pass.ts as cce:/internal/x/cc.
22:09:28.134 debug: Resolve cc from file:///C:/ProgramData/cocos/editors/Creator/3.8.6/resources/resources/3d/engine/editor/assets/default_renderpipeline/builtin-dof-pass.ts as cce:/internal/x/cc.
22:09:28.134 debug: Resolve cc/env from file:///C:/ProgramData/cocos/editors/Creator/3.8.6/resources/resources/3d/engine/editor/assets/default_renderpipeline/builtin-dof-pass.ts as external dependency cc/env.
22:09:28.138 debug: Resolve ./builtin-pipeline-settings from file:///C:/ProgramData/cocos/editors/Creator/3.8.6/resources/resources/3d/engine/editor/assets/default_renderpipeline/builtin-dof-pass.ts as file:///C:/ProgramData/cocos/editors/Creator/3.8.6/resources/resources/3d/engine/editor/assets/default_renderpipeline/builtin-pipeline-settings.ts.
22:09:28.141 debug: Resolve ./builtin-pipeline-pass from file:///C:/ProgramData/cocos/editors/Creator/3.8.6/resources/resources/3d/engine/editor/assets/default_renderpipeline/builtin-dof-pass.ts as file:///C:/ProgramData/cocos/editors/Creator/3.8.6/resources/resources/3d/engine/editor/assets/default_renderpipeline/builtin-pipeline-pass.ts.
22:09:28.144 debug: Resolve ./builtin-pipeline from file:///C:/ProgramData/cocos/editors/Creator/3.8.6/resources/resources/3d/engine/editor/assets/default_renderpipeline/builtin-dof-pass.ts as file:///C:/ProgramData/cocos/editors/Creator/3.8.6/resources/resources/3d/engine/editor/assets/default_renderpipeline/builtin-pipeline.ts.
22:09:28.144 debug: Resolve cce:/internal/code-quality/cr.mjs from file:///C:/ProgramData/cocos/editors/Creator/3.8.6/resources/resources/3d/engine/editor/assets/default_renderpipeline/builtin-pipeline-settings.ts as cce:/internal/code-quality/cr.mjs.
22:09:28.144 debug: Resolve cc from file:///C:/ProgramData/cocos/editors/Creator/3.8.6/resources/resources/3d/engine/editor/assets/default_renderpipeline/builtin-pipeline-settings.ts as cce:/internal/x/cc.
22:09:28.144 debug: Resolve cc from file:///C:/ProgramData/cocos/editors/Creator/3.8.6/resources/resources/3d/engine/editor/assets/default_renderpipeline/builtin-pipeline-settings.ts as cce:/internal/x/cc.
22:09:28.144 debug: Resolve cc from file:///C:/ProgramData/cocos/editors/Creator/3.8.6/resources/resources/3d/engine/editor/assets/default_renderpipeline/builtin-pipeline-settings.ts as cce:/internal/x/cc.
22:09:28.144 debug: Resolve cc/env from file:///C:/ProgramData/cocos/editors/Creator/3.8.6/resources/resources/3d/engine/editor/assets/default_renderpipeline/builtin-pipeline-settings.ts as external dependency cc/env.
22:09:28.147 debug: Resolve ./builtin-pipeline-types from file:///C:/ProgramData/cocos/editors/Creator/3.8.6/resources/resources/3d/engine/editor/assets/default_renderpipeline/builtin-pipeline-settings.ts as file:///C:/ProgramData/cocos/editors/Creator/3.8.6/resources/resources/3d/engine/editor/assets/default_renderpipeline/builtin-pipeline-types.ts.
22:09:28.147 debug: Resolve cc from file:///C:/ProgramData/cocos/editors/Creator/3.8.6/resources/resources/3d/engine/editor/assets/default_renderpipeline/builtin-pipeline-types.ts as cce:/internal/x/cc.
22:09:28.147 debug: Resolve cc from file:///C:/ProgramData/cocos/editors/Creator/3.8.6/resources/resources/3d/engine/editor/assets/default_renderpipeline/builtin-pipeline-types.ts as cce:/internal/x/cc.
22:09:28.147 debug: Resolve cc from file:///C:/ProgramData/cocos/editors/Creator/3.8.6/resources/resources/3d/engine/editor/assets/default_renderpipeline/builtin-pipeline-types.ts as cce:/internal/x/cc.
22:09:28.147 debug: Resolve cce:/internal/code-quality/cr.mjs from file:///C:/ProgramData/cocos/editors/Creator/3.8.6/resources/resources/3d/engine/editor/assets/default_renderpipeline/builtin-pipeline-pass.ts as cce:/internal/code-quality/cr.mjs.
22:09:28.147 debug: Resolve cc from file:///C:/ProgramData/cocos/editors/Creator/3.8.6/resources/resources/3d/engine/editor/assets/default_renderpipeline/builtin-pipeline-pass.ts as cce:/internal/x/cc.
22:09:28.147 debug: Resolve cc from file:///C:/ProgramData/cocos/editors/Creator/3.8.6/resources/resources/3d/engine/editor/assets/default_renderpipeline/builtin-pipeline-pass.ts as cce:/internal/x/cc.
22:09:28.147 debug: Resolve cc from file:///C:/ProgramData/cocos/editors/Creator/3.8.6/resources/resources/3d/engine/editor/assets/default_renderpipeline/builtin-pipeline-pass.ts as cce:/internal/x/cc.
22:09:28.150 debug: Resolve ./builtin-pipeline-settings from file:///C:/ProgramData/cocos/editors/Creator/3.8.6/resources/resources/3d/engine/editor/assets/default_renderpipeline/builtin-pipeline-pass.ts as file:///C:/ProgramData/cocos/editors/Creator/3.8.6/resources/resources/3d/engine/editor/assets/default_renderpipeline/builtin-pipeline-settings.ts.
22:09:28.150 debug: Resolve cc/env from file:///C:/ProgramData/cocos/editors/Creator/3.8.6/resources/resources/3d/engine/editor/assets/default_renderpipeline/builtin-pipeline-pass.ts as external dependency cc/env.
22:09:28.150 debug: Resolve cce:/internal/code-quality/cr.mjs from file:///C:/ProgramData/cocos/editors/Creator/3.8.6/resources/resources/3d/engine/editor/assets/default_renderpipeline/builtin-pipeline.ts as cce:/internal/code-quality/cr.mjs.
22:09:28.150 debug: Resolve cc from file:///C:/ProgramData/cocos/editors/Creator/3.8.6/resources/resources/3d/engine/editor/assets/default_renderpipeline/builtin-pipeline.ts as cce:/internal/x/cc.
22:09:28.150 debug: Resolve cc from file:///C:/ProgramData/cocos/editors/Creator/3.8.6/resources/resources/3d/engine/editor/assets/default_renderpipeline/builtin-pipeline.ts as cce:/internal/x/cc.
22:09:28.150 debug: Resolve cc from file:///C:/ProgramData/cocos/editors/Creator/3.8.6/resources/resources/3d/engine/editor/assets/default_renderpipeline/builtin-pipeline.ts as cce:/internal/x/cc.
22:09:28.150 debug: Resolve cc/env from file:///C:/ProgramData/cocos/editors/Creator/3.8.6/resources/resources/3d/engine/editor/assets/default_renderpipeline/builtin-pipeline.ts as external dependency cc/env.
22:09:28.153 debug: Resolve ./builtin-pipeline-types from file:///C:/ProgramData/cocos/editors/Creator/3.8.6/resources/resources/3d/engine/editor/assets/default_renderpipeline/builtin-pipeline.ts as file:///C:/ProgramData/cocos/editors/Creator/3.8.6/resources/resources/3d/engine/editor/assets/default_renderpipeline/builtin-pipeline-types.ts.
22:09:28.153 debug: Resolve cc from file:///C:/ProgramData/cocos/editors/Creator/3.8.6/resources/resources/3d/engine/editor/assets/tools/debug-view-runtime-control.ts as cce:/internal/x/cc.
22:09:28.153 debug: Resolve cc from file:///C:/ProgramData/cocos/editors/Creator/3.8.6/resources/resources/3d/engine/editor/assets/tools/debug-view-runtime-control.ts as cce:/internal/x/cc.
22:09:28.153 debug: Resolve cc from file:///C:/ProgramData/cocos/editors/Creator/3.8.6/resources/resources/3d/engine/editor/assets/tools/debug-view-runtime-control.ts as cce:/internal/x/cc.
22:09:28.153 debug: Resolve cc from file:///D:/tangjianhua/cocos%20games/JareAdventure_/assets/scripts/Camera.ts as cce:/internal/x/cc.
22:09:28.153 debug: Resolve cc from file:///D:/tangjianhua/cocos%20games/JareAdventure_/assets/scripts/Camera.ts as cce:/internal/x/cc.
22:09:28.154 debug: Resolve cc from file:///D:/tangjianhua/cocos%20games/JareAdventure_/assets/scripts/Camera.ts as cce:/internal/x/cc.
22:09:28.154 debug: Resolve cc from file:///D:/tangjianhua/cocos%20games/JareAdventure_/assets/scripts/ForeverManager.ts as cce:/internal/x/cc.
22:09:28.154 debug: Resolve cc from file:///D:/tangjianhua/cocos%20games/JareAdventure_/assets/scripts/ForeverManager.ts as cce:/internal/x/cc.
22:09:28.154 debug: Resolve cc from file:///D:/tangjianhua/cocos%20games/JareAdventure_/assets/scripts/ForeverManager.ts as cce:/internal/x/cc.
22:09:28.154 debug: Resolve cce:/internal/code-quality/cr.mjs from file:///D:/tangjianhua/cocos%20games/JareAdventure_/assets/scripts/HUD_Distance.ts as cce:/internal/code-quality/cr.mjs.
22:09:28.154 debug: Resolve cc from file:///D:/tangjianhua/cocos%20games/JareAdventure_/assets/scripts/HUD_Distance.ts as cce:/internal/x/cc.
22:09:28.154 debug: Resolve cc from file:///D:/tangjianhua/cocos%20games/JareAdventure_/assets/scripts/HUD_Distance.ts as cce:/internal/x/cc.
22:09:28.154 debug: Resolve cc from file:///D:/tangjianhua/cocos%20games/JareAdventure_/assets/scripts/HUD_Distance.ts as cce:/internal/x/cc.
22:09:28.155 debug: Resolve ./Player from file:///D:/tangjianhua/cocos%20games/JareAdventure_/assets/scripts/HUD_Distance.ts as file:///D:/tangjianhua/cocos%20games/JareAdventure_/assets/scripts/Player.ts.
22:09:28.155 debug: Resolve cc from file:///D:/tangjianhua/cocos%20games/JareAdventure_/assets/scripts/Player.ts as cce:/internal/x/cc.
22:09:28.155 debug: Resolve cc from file:///D:/tangjianhua/cocos%20games/JareAdventure_/assets/scripts/Player.ts as cce:/internal/x/cc.
22:09:28.155 debug: Resolve cc from file:///D:/tangjianhua/cocos%20games/JareAdventure_/assets/scripts/Player.ts as cce:/internal/x/cc.
22:09:28.155 debug: Resolve cc from file:///D:/tangjianhua/cocos%20games/JareAdventure_/assets/scripts/LevelSelect.ts as cce:/internal/x/cc.
22:09:28.155 debug: Resolve cc from file:///D:/tangjianhua/cocos%20games/JareAdventure_/assets/scripts/LevelSelect.ts as cce:/internal/x/cc.
22:09:28.155 debug: Resolve cc from file:///D:/tangjianhua/cocos%20games/JareAdventure_/assets/scripts/LevelSelect.ts as cce:/internal/x/cc.
22:09:28.155 debug: Resolve cc from file:///D:/tangjianhua/cocos%20games/JareAdventure_/assets/scripts/Manu.ts as cce:/internal/x/cc.
22:09:28.156 debug: Resolve cc from file:///D:/tangjianhua/cocos%20games/JareAdventure_/assets/scripts/Manu.ts as cce:/internal/x/cc.
22:09:28.156 debug: Resolve cc from file:///D:/tangjianhua/cocos%20games/JareAdventure_/assets/scripts/Manu.ts as cce:/internal/x/cc.
22:09:28.156 debug: Resolve cc from file:///D:/tangjianhua/cocos%20games/JareAdventure_/assets/scripts/UIManager.ts as cce:/internal/x/cc.
22:09:28.156 debug: Resolve cc from file:///D:/tangjianhua/cocos%20games/JareAdventure_/assets/scripts/UIManager.ts as cce:/internal/x/cc.
22:09:28.156 debug: Resolve cc from file:///D:/tangjianhua/cocos%20games/JareAdventure_/assets/scripts/UIManager.ts as cce:/internal/x/cc.
22:09:28.156 debug: Resolve cce:/internal/code-quality/cr.mjs from file:///D:/tangjianhua/cocos%20games/JareAdventure_/assets/scripts/collision.ts as cce:/internal/code-quality/cr.mjs.
22:09:28.156 debug: Resolve cc from file:///D:/tangjianhua/cocos%20games/JareAdventure_/assets/scripts/collision.ts as cce:/internal/x/cc.
22:09:28.156 debug: Resolve cc from file:///D:/tangjianhua/cocos%20games/JareAdventure_/assets/scripts/collision.ts as cce:/internal/x/cc.
22:09:28.156 debug: Resolve cc from file:///D:/tangjianhua/cocos%20games/JareAdventure_/assets/scripts/collision.ts as cce:/internal/x/cc.
22:09:28.157 debug: Resolve ./Player from file:///D:/tangjianhua/cocos%20games/JareAdventure_/assets/scripts/collision.ts as file:///D:/tangjianhua/cocos%20games/JareAdventure_/assets/scripts/Player.ts.
22:09:28.157 debug: Resolve cce:/internal/code-quality/cr.mjs from file:///D:/tangjianhua/cocos%20games/JareAdventure_/assets/scripts/star_tip.ts as cce:/internal/code-quality/cr.mjs.
22:09:28.157 debug: Resolve cc from file:///D:/tangjianhua/cocos%20games/JareAdventure_/assets/scripts/star_tip.ts as cce:/internal/x/cc.
22:09:28.157 debug: Resolve cc from file:///D:/tangjianhua/cocos%20games/JareAdventure_/assets/scripts/star_tip.ts as cce:/internal/x/cc.
22:09:28.157 debug: Resolve cc from file:///D:/tangjianhua/cocos%20games/JareAdventure_/assets/scripts/star_tip.ts as cce:/internal/x/cc.
22:09:28.158 debug: Resolve ./Player from file:///D:/tangjianhua/cocos%20games/JareAdventure_/assets/scripts/star_tip.ts as file:///D:/tangjianhua/cocos%20games/JareAdventure_/assets/scripts/Player.ts.
22:09:28.188 debug: Target(preview) ends with cost 511.42149999999856ms.
22:09:39.200 debug: Pulling asset-db.
22:09:40.051 debug: Fetch asset-db cost: 850.8978999999999ms.
22:09:40.053 debug: Build iteration starts.
Number of accumulated asset changes: 15
Feature changed: false
22:09:40.053 debug: Target(editor) build started.
22:09:40.056 debug: Detected change: cce:/internal/x/prerequisite-imports. Last mtime: Thu Jan 01 1970 08:00:09 GMT+0800 (中国标准时间), Current mtime: Thu Jan 01 1970 08:00:22 GMT+0800 (中国标准时间)
22:09:40.056 debug: Inspect cce:/internal/x/prerequisite-imports
22:09:40.069 debug: transform url: 'cce:/internal/x/prerequisite-imports' costs: 12.70 ms
22:09:40.073 debug: Resolve file:///C:/ProgramData/cocos/editors/Creator/3.8.6/resources/resources/3d/engine/editor/assets/default_renderpipeline/builtin-dof-pass.ts from cce:/internal/x/prerequisite-imports as file:///C:/ProgramData/cocos/editors/Creator/3.8.6/resources/resources/3d/engine/editor/assets/default_renderpipeline/builtin-dof-pass.ts.
22:09:40.076 debug: Resolve file:///C:/ProgramData/cocos/editors/Creator/3.8.6/resources/resources/3d/engine/editor/assets/default_renderpipeline/builtin-pipeline-pass.ts from cce:/internal/x/prerequisite-imports as file:///C:/ProgramData/cocos/editors/Creator/3.8.6/resources/resources/3d/engine/editor/assets/default_renderpipeline/builtin-pipeline-pass.ts.
22:09:40.078 debug: Resolve file:///C:/ProgramData/cocos/editors/Creator/3.8.6/resources/resources/3d/engine/editor/assets/default_renderpipeline/builtin-pipeline-settings.ts from cce:/internal/x/prerequisite-imports as file:///C:/ProgramData/cocos/editors/Creator/3.8.6/resources/resources/3d/engine/editor/assets/default_renderpipeline/builtin-pipeline-settings.ts.
22:09:40.081 debug: Resolve file:///C:/ProgramData/cocos/editors/Creator/3.8.6/resources/resources/3d/engine/editor/assets/default_renderpipeline/builtin-pipeline-types.ts from cce:/internal/x/prerequisite-imports as file:///C:/ProgramData/cocos/editors/Creator/3.8.6/resources/resources/3d/engine/editor/assets/default_renderpipeline/builtin-pipeline-types.ts.
22:09:40.084 debug: Resolve file:///C:/ProgramData/cocos/editors/Creator/3.8.6/resources/resources/3d/engine/editor/assets/default_renderpipeline/builtin-pipeline.ts from cce:/internal/x/prerequisite-imports as file:///C:/ProgramData/cocos/editors/Creator/3.8.6/resources/resources/3d/engine/editor/assets/default_renderpipeline/builtin-pipeline.ts.
22:09:40.086 debug: Resolve file:///C:/ProgramData/cocos/editors/Creator/3.8.6/resources/resources/3d/engine/editor/assets/tools/debug-view-runtime-control.ts from cce:/internal/x/prerequisite-imports as file:///C:/ProgramData/cocos/editors/Creator/3.8.6/resources/resources/3d/engine/editor/assets/tools/debug-view-runtime-control.ts.
22:09:40.088 debug: Resolve file:///D:/tangjianhua/cocos%20games/JareAdventure_/assets/scripts/Camera.ts from cce:/internal/x/prerequisite-imports as file:///D:/tangjianhua/cocos%20games/JareAdventure_/assets/scripts/Camera.ts.
22:09:40.089 debug: Resolve file:///D:/tangjianhua/cocos%20games/JareAdventure_/assets/scripts/ForeverManager.ts from cce:/internal/x/prerequisite-imports as file:///D:/tangjianhua/cocos%20games/JareAdventure_/assets/scripts/ForeverManager.ts.
22:09:40.090 debug: Resolve file:///D:/tangjianhua/cocos%20games/JareAdventure_/assets/scripts/HUD_Distance.ts from cce:/internal/x/prerequisite-imports as file:///D:/tangjianhua/cocos%20games/JareAdventure_/assets/scripts/HUD_Distance.ts.
22:09:40.090 debug: Resolve file:///D:/tangjianhua/cocos%20games/JareAdventure_/assets/scripts/LevelSelect.ts from cce:/internal/x/prerequisite-imports as file:///D:/tangjianhua/cocos%20games/JareAdventure_/assets/scripts/LevelSelect.ts.
22:09:40.091 debug: Resolve file:///D:/tangjianhua/cocos%20games/JareAdventure_/assets/scripts/Manu.ts from cce:/internal/x/prerequisite-imports as file:///D:/tangjianhua/cocos%20games/JareAdventure_/assets/scripts/Manu.ts.
22:09:40.092 debug: Resolve file:///D:/tangjianhua/cocos%20games/JareAdventure_/assets/scripts/Player.ts from cce:/internal/x/prerequisite-imports as file:///D:/tangjianhua/cocos%20games/JareAdventure_/assets/scripts/Player.ts.
22:09:40.093 debug: Resolve file:///D:/tangjianhua/cocos%20games/JareAdventure_/assets/scripts/UIManager.ts from cce:/internal/x/prerequisite-imports as file:///D:/tangjianhua/cocos%20games/JareAdventure_/assets/scripts/UIManager.ts.
22:09:40.094 debug: Resolve file:///D:/tangjianhua/cocos%20games/JareAdventure_/assets/scripts/collision.ts from cce:/internal/x/prerequisite-imports as file:///D:/tangjianhua/cocos%20games/JareAdventure_/assets/scripts/collision.ts.
22:09:40.095 debug: Resolve file:///D:/tangjianhua/cocos%20games/JareAdventure_/assets/scripts/star_tip.ts from cce:/internal/x/prerequisite-imports as file:///D:/tangjianhua/cocos%20games/JareAdventure_/assets/scripts/star_tip.ts.
22:09:40.129 debug: Target(editor) ends with cost 75.83699999999953ms.
22:09:40.129 debug: Target(preview) build started.
22:09:40.133 debug: Detected change: cce:/internal/x/prerequisite-imports. Last mtime: Thu Jan 01 1970 08:00:09 GMT+0800 (中国标准时间), Current mtime: Thu Jan 01 1970 08:00:22 GMT+0800 (中国标准时间)
22:09:40.133 debug: Inspect cce:/internal/x/prerequisite-imports
22:09:40.146 debug: transform url: 'cce:/internal/x/prerequisite-imports' costs: 12.80 ms
22:09:40.149 debug: Resolve file:///C:/ProgramData/cocos/editors/Creator/3.8.6/resources/resources/3d/engine/editor/assets/default_renderpipeline/builtin-dof-pass.ts from cce:/internal/x/prerequisite-imports as file:///C:/ProgramData/cocos/editors/Creator/3.8.6/resources/resources/3d/engine/editor/assets/default_renderpipeline/builtin-dof-pass.ts.
22:09:40.152 debug: Resolve file:///C:/ProgramData/cocos/editors/Creator/3.8.6/resources/resources/3d/engine/editor/assets/default_renderpipeline/builtin-pipeline-pass.ts from cce:/internal/x/prerequisite-imports as file:///C:/ProgramData/cocos/editors/Creator/3.8.6/resources/resources/3d/engine/editor/assets/default_renderpipeline/builtin-pipeline-pass.ts.
22:09:40.155 debug: Resolve file:///C:/ProgramData/cocos/editors/Creator/3.8.6/resources/resources/3d/engine/editor/assets/default_renderpipeline/builtin-pipeline-settings.ts from cce:/internal/x/prerequisite-imports as file:///C:/ProgramData/cocos/editors/Creator/3.8.6/resources/resources/3d/engine/editor/assets/default_renderpipeline/builtin-pipeline-settings.ts.
22:09:40.157 debug: Resolve file:///C:/ProgramData/cocos/editors/Creator/3.8.6/resources/resources/3d/engine/editor/assets/default_renderpipeline/builtin-pipeline-types.ts from cce:/internal/x/prerequisite-imports as file:///C:/ProgramData/cocos/editors/Creator/3.8.6/resources/resources/3d/engine/editor/assets/default_renderpipeline/builtin-pipeline-types.ts.
22:09:40.161 debug: Resolve file:///C:/ProgramData/cocos/editors/Creator/3.8.6/resources/resources/3d/engine/editor/assets/default_renderpipeline/builtin-pipeline.ts from cce:/internal/x/prerequisite-imports as file:///C:/ProgramData/cocos/editors/Creator/3.8.6/resources/resources/3d/engine/editor/assets/default_renderpipeline/builtin-pipeline.ts.
22:09:40.164 debug: Resolve file:///C:/ProgramData/cocos/editors/Creator/3.8.6/resources/resources/3d/engine/editor/assets/tools/debug-view-runtime-control.ts from cce:/internal/x/prerequisite-imports as file:///C:/ProgramData/cocos/editors/Creator/3.8.6/resources/resources/3d/engine/editor/assets/tools/debug-view-runtime-control.ts.
22:09:40.166 debug: Resolve file:///D:/tangjianhua/cocos%20games/JareAdventure_/assets/scripts/Camera.ts from cce:/internal/x/prerequisite-imports as file:///D:/tangjianhua/cocos%20games/JareAdventure_/assets/scripts/Camera.ts.
22:09:40.168 debug: Resolve file:///D:/tangjianhua/cocos%20games/JareAdventure_/assets/scripts/ForeverManager.ts from cce:/internal/x/prerequisite-imports as file:///D:/tangjianhua/cocos%20games/JareAdventure_/assets/scripts/ForeverManager.ts.
22:09:40.169 debug: Resolve file:///D:/tangjianhua/cocos%20games/JareAdventure_/assets/scripts/HUD_Distance.ts from cce:/internal/x/prerequisite-imports as file:///D:/tangjianhua/cocos%20games/JareAdventure_/assets/scripts/HUD_Distance.ts.
22:09:40.170 debug: Resolve file:///D:/tangjianhua/cocos%20games/JareAdventure_/assets/scripts/LevelSelect.ts from cce:/internal/x/prerequisite-imports as file:///D:/tangjianhua/cocos%20games/JareAdventure_/assets/scripts/LevelSelect.ts.
22:09:40.172 debug: Resolve file:///D:/tangjianhua/cocos%20games/JareAdventure_/assets/scripts/Manu.ts from cce:/internal/x/prerequisite-imports as file:///D:/tangjianhua/cocos%20games/JareAdventure_/assets/scripts/Manu.ts.
22:09:40.173 debug: Resolve file:///D:/tangjianhua/cocos%20games/JareAdventure_/assets/scripts/Player.ts from cce:/internal/x/prerequisite-imports as file:///D:/tangjianhua/cocos%20games/JareAdventure_/assets/scripts/Player.ts.
22:09:40.174 debug: Resolve file:///D:/tangjianhua/cocos%20games/JareAdventure_/assets/scripts/UIManager.ts from cce:/internal/x/prerequisite-imports as file:///D:/tangjianhua/cocos%20games/JareAdventure_/assets/scripts/UIManager.ts.
22:09:40.176 debug: Resolve file:///D:/tangjianhua/cocos%20games/JareAdventure_/assets/scripts/collision.ts from cce:/internal/x/prerequisite-imports as file:///D:/tangjianhua/cocos%20games/JareAdventure_/assets/scripts/collision.ts.
22:09:40.177 debug: Resolve file:///D:/tangjianhua/cocos%20games/JareAdventure_/assets/scripts/star_tip.ts from cce:/internal/x/prerequisite-imports as file:///D:/tangjianhua/cocos%20games/JareAdventure_/assets/scripts/star_tip.ts.
22:09:40.203 debug: Target(preview) ends with cost 73.14519999999902ms.
